0 info it worked if it ends with ok
1 verbose cli [ 'D:\\Program Files\\nodejs\\\\node.exe',
1 verbose cli   'D:\\Program Files\\nodejs\\node_modules\\npm\\bin\\npm-cli.js',
1 verbose cli   'publish' ]
2 info using npm@1.4.28
3 info using node@v0.10.33
4 verbose node symlink D:\Program Files\nodejs\\node.exe
5 verbose publish [ '.' ]
6 verbose cache add [ '.', null ]
7 verbose cache add name=undefined spec="." args=[".",null]
8 verbose parsed url { protocol: null,
8 verbose parsed url   slashes: null,
8 verbose parsed url   auth: null,
8 verbose parsed url   host: null,
8 verbose parsed url   port: null,
8 verbose parsed url   hostname: null,
8 verbose parsed url   hash: null,
8 verbose parsed url   search: null,
8 verbose parsed url   query: null,
8 verbose parsed url   pathname: '.',
8 verbose parsed url   path: '.',
8 verbose parsed url   href: '.' }
9 silly lockFile 3a52ce78- .
10 verbose lock . C:\Users\Lorex\AppData\Roaming\npm-cache\3a52ce78-.lock
11 verbose tar pack [ 'C:\\Users\\Lorex\\AppData\\Roaming\\npm-cache\\visitCounter\\1.0.0\\package.tgz',
11 verbose tar pack   '.' ]
12 verbose tarball C:\Users\Lorex\AppData\Roaming\npm-cache\visitCounter\1.0.0\package.tgz
13 verbose folder .
14 info prepublish visitCounter@1.0.0
15 silly lockFile 1f1177db-tar tar://.
16 verbose lock tar://. C:\Users\Lorex\AppData\Roaming\npm-cache\1f1177db-tar.lock
17 silly lockFile 6b42f286-e-visitCounter-1-0-0-package-tgz tar://C:\Users\Lorex\AppData\Roaming\npm-cache\visitCounter\1.0.0\package.tgz
18 verbose lock tar://C:\Users\Lorex\AppData\Roaming\npm-cache\visitCounter\1.0.0\package.tgz C:\Users\Lorex\AppData\Roaming\npm-cache\6b42f286-e-visitCounter-1-0-0-package-tgz.lock
19 silly lockFile 1f1177db-tar tar://.
20 silly lockFile 1f1177db-tar tar://.
21 silly lockFile 6b42f286-e-visitCounter-1-0-0-package-tgz tar://C:\Users\Lorex\AppData\Roaming\npm-cache\visitCounter\1.0.0\package.tgz
22 silly lockFile 6b42f286-e-visitCounter-1-0-0-package-tgz tar://C:\Users\Lorex\AppData\Roaming\npm-cache\visitCounter\1.0.0\package.tgz
23 silly lockFile 3fb4849e-cache-visitCounter-1-0-0-package C:\Users\Lorex\AppData\Roaming\npm-cache\visitCounter\1.0.0\package
24 verbose lock C:\Users\Lorex\AppData\Roaming\npm-cache\visitCounter\1.0.0\package C:\Users\Lorex\AppData\Roaming\npm-cache\3fb4849e-cache-visitCounter-1-0-0-package.lock
25 silly lockFile 3fb4849e-cache-visitCounter-1-0-0-package C:\Users\Lorex\AppData\Roaming\npm-cache\visitCounter\1.0.0\package
26 silly lockFile 3fb4849e-cache-visitCounter-1-0-0-package C:\Users\Lorex\AppData\Roaming\npm-cache\visitCounter\1.0.0\package
27 silly lockFile 3a52ce78- .
28 silly lockFile 3a52ce78- .
29 silly publish { name: 'visitCounter',
29 silly publish   version: '1.0.0',
29 silly publish   description: 'A visit counter.',
29 silly publish   main: 'counter.js',
29 silly publish   dependencies: { express: '^3.4.8', jade: '^1.9.2' },
29 silly publish   devDependencies: {},
29 silly publish   scripts: { test: 'node index.js' },
29 silly publish   repository:
29 silly publish    { type: 'git',
29 silly publish      url: 'https://github.com/Lorex/visitCounter.git' },
29 silly publish   keywords: [ 'visit', 'counter', 'site' ],
29 silly publish   author: { name: 'Lorex L. Yang', email: 'joe50613@gmail.com' },
29 silly publish   license: 'ISC',
29 silly publish   bugs: { url: 'https://github.com/Lorex/visitCounter/issues' },
29 silly publish   homepage: 'https://github.com/Lorex/visitCounter',
29 silly publish   readme: 'Visit Counter\r\n=============\r\n\r\nA simple website visit counter.\r\n\r\n### Installation\r\n`$ npm install git+https://git@github.com/Lorex/visitCounter.git`\r\n\r\n### Demo\r\n`$ node demo.js`\r\n\r\n### API\r\n- `counter.status()` - Show current status at console.\r\n- `counter.addStatus(str)` - Add a status to history log.\r\n- `counter.addVisit()` - Add a visit.\r\n- `counter.purge()` - Reset counter and clean history log.\r\n- `counter.',
29 silly publish   readmeFilename: 'readme.md',
29 silly publish   gitHead: '2313d017ff0f6078d55a097e6ac4dbb7b34cf7fc',
29 silly publish   _id: 'visitCounter@1.0.0',
29 silly publish   _shasum: '636e9ac5a3d18939413ee3703c3854afe1eb0554',
29 silly publish   _from: '.' }
30 verbose request where is /visitCounter
31 verbose request registry https://registry.npmjs.org/
32 verbose request id bc27d9f1bba4b984
33 verbose url raw /visitCounter
34 verbose url resolving [ 'https://registry.npmjs.org/', './visitCounter' ]
35 verbose url resolved https://registry.npmjs.org/visitCounter
36 verbose request where is https://registry.npmjs.org/visitCounter
37 info trying registry request attempt 1 at 16:12:05
38 http PUT https://registry.npmjs.org/visitCounter
39 http 500 https://registry.npmjs.org/visitCounter
40 info retry will retry, error on last attempt: Error: unexpected status code: 400 : visitCounter
41 info trying registry request attempt 2 at 16:12:17
42 http PUT https://registry.npmjs.org/visitCounter
43 http 500 https://registry.npmjs.org/visitCounter
44 info retry will retry, error on last attempt: Error: unexpected status code: 400 : visitCounter
45 info trying registry request attempt 3 at 16:13:20
46 http PUT https://registry.npmjs.org/visitCounter
47 http 500 https://registry.npmjs.org/visitCounter
48 verbose headers { 'content-type': 'application/json',
48 verbose headers   'cache-control': 'max-age=0',
48 verbose headers   'content-length': '39',
48 verbose headers   'accept-ranges': 'bytes',
48 verbose headers   date: 'Thu, 30 Apr 2015 08:13:22 GMT',
48 verbose headers   via: '1.1 varnish',
48 verbose headers   connection: 'keep-alive',
48 verbose headers   'x-served-by': 'cache-nrt6132-NRT',
48 verbose headers   'x-cache': 'MISS',
48 verbose headers   'x-cache-hits': '0',
48 verbose headers   'x-timer': 'S1430381600.058216,VS0,VE2255' }
49 error publish Failed PUT 500
50 error Error: unexpected status code: 400 : visitCounter
50 error     at RegClient.<anonymous> (D:\Program Files\nodejs\node_modules\npm\node_modules\npm-registry-client\lib\request.js:308:14)
50 error     at Request._callback (D:\Program Files\nodejs\node_modules\npm\node_modules\npm-registry-client\lib\request.js:246:65)
50 error     at Request.self.callback (D:\Program Files\nodejs\node_modules\npm\node_modules\request\request.js:236:22)
50 error     at Request.emit (events.js:98:17)
50 error     at Request.<anonymous> (D:\Program Files\nodejs\node_modules\npm\node_modules\request\request.js:1142:14)
50 error     at Request.emit (events.js:117:20)
50 error     at IncomingMessage.<anonymous> (D:\Program Files\nodejs\node_modules\npm\node_modules\request\request.js:1096:12)
50 error     at IncomingMessage.emit (events.js:117:20)
50 error     at _stream_readable.js:943:16
50 error     at process._tickCallback (node.js:419:13)
51 error If you need help, you may report this *entire* log,
51 error including the npm and node versions, at:
51 error     <http://github.com/npm/npm/issues>
52 error System Windows_NT 6.2.9200
53 error command "D:\\Program Files\\nodejs\\\\node.exe" "D:\\Program Files\\nodejs\\node_modules\\npm\\bin\\npm-cli.js" "publish"
54 error cwd D:\Users\Lorex\OneDrive\Programming\Node\visitCounter
55 error node -v v0.10.33
56 error npm -v 1.4.28
57 verbose exit [ 1, true ]
